[2021-11-17 20:38:12 $23033.0]	INFO	Server is reloading all workers now
[2021-11-17 20:39:11 $23033.0]	INFO	Server is reloading all workers now
[2021-11-17 21:04:13 $23033.0]	WARNING	check_worker_exit_status: worker#2[pid=14539] abnormal exit, status=0, signal=2
[2021-11-18 15:19:50 $14683.0]	INFO	Server is reloading all workers now
[2021-11-18 15:19:58 $14683.0]	WARNING	check_worker_exit_status: worker#13[pid=14708] abnormal exit, status=0, signal=2
[2021-11-18 15:20:27 $15683.0]	INFO	Server is reloading all workers now
[2021-11-18 15:21:18 $15683.0]	INFO	Server is reloading all workers now
[2021-11-18 15:21:26 $15683.0]	INFO	Server is reloading all workers now
[2021-11-18 15:21:38 $15683.0]	INFO	Server is reloading all workers now
[2021-11-18 15:22:23 $15683.0]	INFO	Server is reloading all workers now
[2021-11-18 15:22:32 $15683.0]	INFO	Server is reloading all workers now
[2021-11-18 15:22:47 $15683.0]	INFO	Server is reloading all workers now
[2021-11-18 15:22:49 $15683.0]	INFO	Server is reloading all workers now
[2021-11-18 15:22:57 $15683.0]	INFO	Server is reloading all workers now
[2021-11-18 15:23:49 $15683.0]	INFO	Server is reloading all workers now
[2021-11-18 15:24:03 $15683.0]	INFO	Server is reloading all workers now
[2021-11-18 15:24:45 $15683.0]	INFO	Server is reloading all workers now
[2021-11-18 15:24:56 $15683.0]	INFO	Server is reloading all workers now
[2021-11-18 15:26:00 $15683.0]	INFO	Server is reloading all workers now
[2021-11-18 15:26:09 $15683.0]	INFO	Server is reloading all workers now
[2021-11-18 15:26:23 $15683.0]	INFO	Server is reloading all workers now
[2021-11-18 15:26:28 $15683.0]	INFO	Server is reloading all workers now
[2021-11-18 15:26:58 $15683.0]	INFO	Server is reloading all workers now
[2021-11-18 15:27:17 $15683.0]	INFO	Server is reloading all workers now
[2021-11-18 15:27:26 $15683.0]	INFO	Server is reloading all workers now
[2021-11-18 15:27:38 $15683.0]	INFO	Server is reloading all workers now
[2021-11-18 15:27:46 $15683.0]	INFO	Server is reloading all workers now
[2021-11-18 15:27:49 $15683.0]	INFO	Server is reloading all workers now
[2021-11-18 15:27:56 $15683.0]	INFO	Server is reloading all workers now
[2021-11-18 15:28:16 $15683.0]	INFO	Server is reloading all workers now
[2021-11-18 15:28:18 $15683.0]	INFO	Server is reloading all workers now
[2021-11-18 15:28:26 $15683.0]	INFO	Server is reloading all workers now
[2021-11-18 15:28:38 $15683.0]	INFO	Server is reloading all workers now
[2021-11-18 15:28:56 $15683.0]	INFO	Server is reloading all workers now
[2021-11-18 15:29:20 $15683.0]	INFO	Server is reloading all workers now
[2021-11-18 15:32:05 $15683.0]	INFO	Server is reloading all workers now
[2021-11-18 15:32:12 $15683.0]	INFO	Server is reloading all workers now
[2021-11-18 15:32:18 $15683.0]	INFO	Server is reloading all workers now
[2021-11-18 15:32:34 $15683.0]	INFO	Server is reloading all workers now
[2021-11-18 15:32:39 $15683.0]	INFO	Server is reloading all workers now
[2021-11-18 15:32:50 $15683.0]	INFO	Server is reloading all workers now
[2021-11-18 15:32:53 $15683.0]	INFO	Server is reloading all workers now
[2021-11-18 15:33:26 $15683.0]	INFO	Server is reloading all workers now
[2021-11-18 15:33:30 $15683.0]	INFO	Server is reloading all workers now
[2021-11-18 15:33:45 $15683.0]	INFO	Server is reloading all workers now
[2021-11-18 15:33:57 $15683.0]	INFO	Server is reloading all workers now
[2021-11-18 15:38:13 $15683.0]	INFO	Server is reloading all workers now
[2021-11-18 15:41:16 $15683.0]	INFO	Server is reloading all workers now
[2021-11-18 15:41:33 $15683.0]	INFO	Server is reloading all workers now
[2021-11-18 15:41:43 $15683.0]	INFO	Server is reloading all workers now
[2021-11-18 15:41:50 $15683.0]	INFO	Server is reloading all workers now
[2021-11-18 15:42:07 $15683.0]	INFO	Server is reloading all workers now
[2021-11-18 15:43:30 $15683.0]	INFO	Server is reloading all workers now
[2021-11-18 15:43:31 $15683.0]	INFO	Server is reloading all workers now
[2021-11-18 15:43:47 $15683.0]	INFO	Server is reloading all workers now
[2021-11-18 15:44:11 $15683.0]	INFO	Server is reloading all workers now
[2021-11-18 15:44:18 $15683.0]	INFO	Server is reloading all workers now
[2021-11-18 15:44:23 $15683.0]	INFO	Server is reloading all workers now
[2021-11-18 15:44:41 $15683.0]	INFO	Server is reloading all workers now
[2021-11-18 15:47:54 $15683.0]	INFO	Server is reloading all workers now
[2021-11-18 15:53:16 $15683.0]	INFO	Server is reloading all workers now
[2021-11-18 15:53:33 $15683.0]	WARNING	check_worker_exit_status: worker#18[pid=15736] abnormal exit, status=0, signal=2
[2021-11-18 15:54:14 $26402.0]	INFO	Server is reloading all workers now
[2021-11-18 15:54:25 $26402.0]	INFO	Server is reloading all workers now
[2021-11-18 15:55:03 $26402.0]	INFO	Server is reloading all workers now
[2021-11-18 16:03:40 $26402.0]	INFO	Server is reloading all workers now
[2021-11-18 16:03:47 $26402.0]	INFO	Server is reloading all workers now
[2021-11-18 16:03:57 $26402.0]	INFO	Server is reloading all workers now
[2021-11-18 16:04:14 $26402.0]	INFO	Server is reloading all workers now
[2021-11-18 16:05:02 $26402.0]	INFO	Server is reloading all workers now
[2021-11-18 16:05:03 $26402.0]	INFO	Server is reloading all workers now
[2021-11-18 16:05:07 $26402.0]	INFO	Server is reloading all workers now
[2021-11-18 16:05:10 $26402.0]	INFO	Server is reloading all workers now
[2021-11-18 16:05:12 $26402.0]	INFO	Server is reloading all workers now
[2021-11-18 16:05:35 $26402.0]	INFO	Server is reloading all workers now
[2021-11-18 16:05:39 $26402.0]	INFO	Server is reloading all workers now
[2021-11-18 16:07:48 $26402.0]	INFO	Server is reloading all workers now
[2021-11-18 16:08:47 $26402.0]	INFO	Server is reloading all workers now
[2021-11-18 16:08:49 $26402.0]	INFO	Server is reloading all workers now
[2021-11-18 16:09:00 $26402.0]	INFO	Server is reloading all workers now
[2021-11-18 16:09:15 $26402.0]	INFO	Server is reloading all workers now
[2021-11-18 16:09:31 $26402.0]	INFO	Server is reloading all workers now
[2021-11-18 16:09:32 $26402.0]	INFO	Server is reloading all workers now
[2021-11-18 16:09:53 $26402.0]	INFO	Server is reloading all workers now
[2021-11-18 16:17:35 $26402.0]	INFO	Server is reloading all workers now
[2021-11-18 16:18:02 $26402.0]	INFO	Server is reloading all workers now
[2021-11-18 16:18:13 $26402.0]	INFO	Server is reloading all workers now
[2021-11-18 16:18:34 $26402.0]	INFO	Server is reloading all workers now
[2021-11-18 16:19:15 $26402.0]	INFO	Server is reloading all workers now
[2021-11-18 16:19:19 $26402.0]	INFO	Server is reloading all workers now
[2021-11-18 16:19:59 $26402.0]	INFO	Server is reloading all workers now
[2021-11-18 16:20:09 $26402.0]	INFO	Server is reloading all workers now
[2021-11-18 16:21:11 $26402.0]	INFO	Server is reloading all workers now
[2021-11-18 16:21:18 $26402.0]	INFO	Server is reloading all workers now
[2021-11-18 16:21:46 $26402.0]	INFO	Server is reloading all workers now
[2021-11-18 16:22:32 $26402.0]	INFO	Server is reloading all workers now
[2021-11-18 16:24:15 $26402.0]	INFO	Server is reloading all workers now
[2021-11-18 16:24:26 $26402.0]	INFO	Server is reloading all workers now
[2021-11-18 16:24:29 $26402.0]	INFO	Server is reloading all workers now
[2021-11-18 16:24:48 $26402.0]	INFO	Server is reloading all workers now
[2021-11-18 16:25:07 $26402.0]	INFO	Server is reloading all workers now
[2021-11-18 16:25:36 $26402.0]	INFO	Server is reloading all workers now
[2021-11-18 16:25:49 $26402.0]	INFO	Server is reloading all workers now
[2021-11-18 16:25:53 $26402.0]	INFO	Server is reloading all workers now
[2021-11-18 16:25:54 $26402.0]	INFO	Server is reloading all workers now
[2021-11-18 16:25:58 $26402.0]	INFO	Server is reloading all workers now
[2021-11-18 16:26:02 $26402.0]	INFO	Server is reloading all workers now
[2021-11-18 16:26:09 $26402.0]	INFO	Server is reloading all workers now
[2021-11-18 16:26:15 $26402.0]	INFO	Server is reloading all workers now
[2021-11-18 16:26:18 $26402.0]	INFO	Server is reloading all workers now
[2021-11-18 16:26:27 $26402.0]	INFO	Server is reloading all workers now
[2021-11-18 16:39:09 #26401.8]	INFO	Server is shutdown now
[2021-11-18 16:44:08 $12031.0]	INFO	Server is reloading all workers now
[2021-11-18 16:44:13 $12031.0]	INFO	Server is reloading all workers now
[2021-11-18 16:44:15 $12031.0]	INFO	Server is reloading all workers now
[2021-11-18 16:44:18 $12031.0]	INFO	Server is reloading all workers now
[2021-11-18 16:44:21 $12031.0]	INFO	Server is reloading all workers now
[2021-11-18 16:44:33 $12031.0]	INFO	Server is reloading all workers now
[2021-11-18 16:44:35 $12031.0]	INFO	Server is reloading all workers now
[2021-11-18 16:44:43 $12031.0]	INFO	Server is reloading all workers now
[2021-11-18 16:44:49 $12031.0]	INFO	Server is reloading all workers now
[2021-11-18 16:44:55 $12031.0]	INFO	Server is reloading all workers now
[2021-11-18 16:44:59 $12031.0]	INFO	Server is reloading all workers now
[2021-11-18 16:45:02 $12031.0]	INFO	Server is reloading all workers now
[2021-11-18 16:45:14 $12031.0]	INFO	Server is reloading all workers now
[2021-11-18 16:45:48 $12031.0]	INFO	Server is reloading all workers now
[2021-11-18 16:46:37 $12031.0]	INFO	Server is reloading all workers now
[2021-11-18 16:46:40 $12031.0]	INFO	Server is reloading all workers now
[2021-11-18 16:46:51 $12031.0]	INFO	Server is reloading all workers now
[2021-11-18 16:47:20 $12031.0]	INFO	Server is reloading all workers now
[2021-11-18 16:47:36 $12031.0]	INFO	Server is reloading all workers now
[2021-11-18 16:47:40 $12031.0]	INFO	Server is reloading all workers now
[2021-11-18 16:47:43 $12031.0]	INFO	Server is reloading all workers now
[2021-11-18 16:47:48 $12031.0]	INFO	Server is reloading all workers now
[2021-11-18 16:48:07 $12031.0]	INFO	Server is reloading all workers now
[2021-11-18 16:48:35 $12031.0]	INFO	Server is reloading all workers now
[2021-11-18 16:50:16 $12031.0]	INFO	Server is reloading all workers now
[2021-11-18 16:50:18 $12031.0]	INFO	Server is reloading all workers now
[2021-11-18 16:50:29 $12031.0]	INFO	Server is reloading all workers now
[2021-11-18 16:50:45 $12031.0]	INFO	Server is reloading all workers now
[2021-11-18 16:51:59 *15046.5]	NOTICE	finish (ERRNO 1005): session#26 does not exists
[2021-11-18 16:51:59 *15046.5]	NOTICE	end (ERRNO 1005): session[26] is closed
[2021-11-18 16:53:46 $12031.0]	INFO	Server is reloading all workers now
[2021-11-18 16:54:02 $12031.0]	INFO	Server is reloading all workers now
[2021-11-18 16:54:50 $12031.0]	INFO	Server is reloading all workers now
[2021-11-18 16:55:11 $12031.0]	INFO	Server is reloading all workers now
[2021-11-18 16:55:23 $12031.0]	INFO	Server is reloading all workers now
[2021-11-18 16:55:27 $12031.0]	INFO	Server is reloading all workers now
[2021-11-18 16:55:32 $12031.0]	INFO	Server is reloading all workers now
[2021-11-18 16:55:41 $12031.0]	INFO	Server is reloading all workers now
[2021-11-18 16:55:44 $12031.0]	INFO	Server is reloading all workers now
[2021-11-18 16:55:48 $12031.0]	INFO	Server is reloading all workers now
[2021-11-18 16:55:57 $12031.0]	INFO	Server is reloading all workers now
[2021-11-18 16:56:17 $12031.0]	INFO	Server is reloading all workers now
[2021-11-18 16:56:42 $12031.0]	INFO	Server is reloading all workers now
[2021-11-18 16:56:59 $12031.0]	INFO	Server is reloading all workers now
[2021-11-18 16:58:36 $12031.0]	INFO	Server is reloading all workers now
[2021-11-18 16:58:37 $12031.0]	INFO	Server is reloading all workers now
[2021-11-18 16:58:53 $12031.0]	INFO	Server is reloading all workers now
[2021-11-18 16:59:10 $12031.0]	INFO	Server is reloading all workers now
[2021-11-18 16:59:34 $12031.0]	INFO	Server is reloading all workers now
[2021-11-18 16:59:37 $12031.0]	INFO	Server is reloading all workers now
[2021-11-18 16:59:42 $12031.0]	INFO	Server is reloading all workers now
[2021-11-18 16:59:48 $12031.0]	INFO	Server is reloading all workers now
[2021-11-18 17:00:44 $12031.0]	INFO	Server is reloading all workers now
[2021-11-18 17:00:59 $12031.0]	INFO	Server is reloading all workers now
[2021-11-18 17:01:03 $12031.0]	INFO	Server is reloading all workers now
[2021-11-18 17:01:06 $12031.0]	INFO	Server is reloading all workers now
[2021-11-18 17:02:34 $12031.0]	INFO	Server is reloading all workers now
[2021-11-18 17:02:44 $12031.0]	INFO	Server is reloading all workers now
[2021-11-18 17:02:47 $12031.0]	INFO	Server is reloading all workers now
[2021-11-18 17:02:56 $12031.0]	INFO	Server is reloading all workers now
[2021-11-18 17:03:09 $12031.0]	INFO	Server is reloading all workers now
[2021-11-18 17:06:15 $12031.0]	INFO	Server is reloading all workers now
[2021-11-18 17:06:36 $12031.0]	INFO	Server is reloading all workers now
[2021-11-18 17:06:37 $12031.0]	INFO	Server is reloading all workers now
[2021-11-18 17:06:40 $12031.0]	INFO	Server is reloading all workers now
[2021-11-18 17:06:42 $12031.0]	INFO	Server is reloading all workers now
[2021-11-18 17:06:44 $12031.0]	INFO	Server is reloading all workers now
[2021-11-18 17:06:46 $12031.0]	INFO	Server is reloading all workers now
[2021-11-18 17:06:49 $12031.0]	INFO	Server is reloading all workers now
[2021-11-18 17:07:04 $12031.0]	INFO	Server is reloading all workers now
[2021-11-18 17:07:45 $12031.0]	INFO	Server is reloading all workers now
[2021-11-18 17:07:56 $12031.0]	INFO	Server is reloading all workers now
[2021-11-18 17:08:01 $12031.0]	INFO	Server is reloading all workers now
[2021-11-18 17:08:13 $12031.0]	INFO	Server is reloading all workers now
[2021-11-18 17:09:52 $12031.0]	INFO	Server is reloading all workers now
[2021-11-18 17:10:06 $12031.0]	INFO	Server is reloading all workers now
[2021-11-18 17:10:31 $12031.0]	INFO	Server is reloading all workers now
[2021-11-18 17:11:10 $12031.0]	INFO	Server is reloading all workers now
[2021-11-18 17:11:23 $12031.0]	INFO	Server is reloading all workers now
[2021-11-18 17:11:28 $12031.0]	INFO	Server is reloading all workers now
[2021-11-18 17:12:04 $12031.0]	INFO	Server is reloading all workers now
[2021-11-18 17:12:12 $12031.0]	INFO	Server is reloading all workers now
[2021-11-18 17:12:14 $12031.0]	INFO	Server is reloading all workers now
[2021-11-18 17:12:21 $12031.0]	INFO	Server is reloading all workers now
[2021-11-18 17:12:41 $12031.0]	INFO	Server is reloading all workers now
[2021-11-18 17:13:24 $12031.0]	INFO	Server is reloading all workers now
[2021-11-18 17:13:40 $12031.0]	INFO	Server is reloading all workers now
[2021-11-18 17:13:47 $12031.0]	INFO	Server is reloading all workers now
[2021-11-18 17:13:50 $12031.0]	INFO	Server is reloading all workers now
[2021-11-18 17:24:20 $12031.0]	INFO	Server is reloading all workers now
[2021-11-18 17:41:45 $12031.0]	INFO	Server is reloading all workers now
[2021-11-18 17:41:55 $12031.0]	INFO	Server is reloading all workers now
[2021-11-18 17:42:13 $12031.0]	INFO	Server is reloading all workers now
[2021-11-18 17:42:30 $12031.0]	INFO	Server is reloading all workers now
[2021-11-18 17:43:48 $12031.0]	INFO	Server is reloading all workers now
[2021-11-18 17:43:49 $12031.0]	INFO	Server is reloading all workers now
[2021-11-18 17:44:16 $12031.0]	INFO	Server is reloading all workers now
[2021-11-18 17:44:17 $12031.0]	INFO	Server is reloading all workers now
[2021-11-18 17:44:23 $12031.0]	INFO	Server is reloading all workers now
[2021-11-18 17:45:45 $12031.0]	INFO	Server is reloading all workers now
[2021-11-18 17:46:15 $12031.0]	INFO	Server is reloading all workers now
[2021-11-18 17:46:16 $12031.0]	INFO	Server is reloading all workers now
[2021-11-18 17:46:22 $12031.0]	INFO	Server is reloading all workers now
[2021-11-18 17:46:55 $12031.0]	INFO	Server is reloading all workers now
[2021-11-18 17:47:04 $12031.0]	INFO	Server is reloading all workers now
[2021-11-18 17:47:46 $12031.0]	INFO	Server is reloading all workers now
[2021-11-18 17:47:53 $12031.0]	INFO	Server is reloading all workers now
[2021-11-18 17:48:01 $12031.0]	INFO	Server is reloading all workers now
[2021-11-18 17:48:03 $12031.0]	INFO	Server is reloading all workers now
[2021-11-18 17:48:05 $12031.0]	INFO	Server is reloading all workers now
[2021-11-18 17:48:09 $12031.0]	INFO	Server is reloading all workers now
[2021-11-18 17:48:33 $12031.0]	INFO	Server is reloading all workers now
[2021-11-18 17:48:42 $12031.0]	INFO	Server is reloading all workers now
[2021-11-18 17:48:45 $12031.0]	INFO	Server is reloading all workers now
[2021-11-18 17:48:46 $12031.0]	INFO	Server is reloading all workers now
[2021-11-18 17:48:55 $12031.0]	INFO	Server is reloading all workers now
[2021-11-18 17:49:05 $12031.0]	INFO	Server is reloading all workers now
[2021-11-18 17:49:08 $12031.0]	INFO	Server is reloading all workers now
[2021-11-18 17:49:24 $12031.0]	INFO	Server is reloading all workers now
[2021-11-18 17:49:48 $12031.0]	INFO	Server is reloading all workers now
[2021-11-18 17:49:55 $12031.0]	INFO	Server is reloading all workers now
[2021-11-18 17:57:56 $12031.0]	INFO	Server is reloading all workers now
[2021-11-18 17:58:11 $12031.0]	INFO	Server is reloading all workers now
[2021-11-18 17:58:12 $12031.0]	INFO	Server is reloading all workers now
[2021-11-18 18:00:19 $12031.0]	INFO	Server is reloading all workers now
[2021-11-18 18:00:41 $12031.0]	INFO	Server is reloading all workers now
[2021-11-18 18:02:33 $12031.0]	INFO	Server is reloading all workers now
[2021-11-18 18:02:36 $12031.0]	WARNING	check_worker_exit_status: worker#5[pid=2581] abnormal exit, status=0, signal=2
[2021-11-18 18:03:33 $2945.0]	INFO	Server is reloading all workers now
[2021-11-18 18:04:10 $2945.0]	WARNING	check_worker_exit_status: worker#10[pid=2964] abnormal exit, status=0, signal=2
[2021-11-18 18:05:25 $3879.0]	INFO	Server is reloading all workers now
[2021-11-18 18:17:22 $5207.0]	INFO	Server is reloading all workers now
[2021-11-18 18:17:35 $5207.0]	INFO	Server is reloading all workers now
[2021-11-18 18:50:42 $5207.0]	INFO	Server is reloading all workers now
[2021-11-18 18:50:49 $5207.0]	INFO	Server is reloading all workers now
[2021-11-18 18:50:51 $5207.0]	INFO	Server is reloading all workers now
[2021-11-18 18:51:06 $5207.0]	INFO	Server is reloading all workers now
[2021-11-18 18:51:26 $5207.0]	INFO	Server is reloading all workers now
[2021-11-18 18:51:35 $5207.0]	INFO	Server is reloading all workers now
[2021-11-18 18:51:41 $5207.0]	INFO	Server is reloading all workers now
[2021-11-18 18:51:49 $5207.0]	INFO	Server is reloading all workers now
[2021-11-18 18:52:32 $5207.0]	INFO	Server is reloading all workers now
[2021-11-18 18:53:02 $5207.0]	INFO	Server is reloading all workers now
[2021-11-18 18:53:27 $5207.0]	INFO	Server is reloading all workers now
[2021-11-18 18:53:49 $5207.0]	INFO	Server is reloading all workers now
[2021-11-18 18:54:27 $5207.0]	INFO	Server is reloading all workers now
[2021-11-18 18:54:29 $5207.0]	INFO	Server is reloading all workers now
[2021-11-18 18:54:39 $5207.0]	INFO	Server is reloading all workers now
[2021-11-18 18:55:31 $5207.0]	INFO	Server is reloading all workers now
[2021-11-18 18:55:54 $5207.0]	INFO	Server is reloading all workers now
[2021-11-18 18:56:38 $5207.0]	INFO	Server is reloading all workers now
[2021-11-18 18:56:39 $5207.0]	INFO	Server is reloading all workers now
[2021-11-18 18:56:41 $5207.0]	INFO	Server is reloading all workers now
[2021-11-18 18:57:17 $5207.0]	INFO	Server is reloading all workers now
[2021-11-18 18:57:29 $5207.0]	INFO	Server is reloading all workers now
[2021-11-18 18:57:41 $5207.0]	INFO	Server is reloading all workers now
[2021-11-18 18:57:54 $5207.0]	INFO	Server is reloading all workers now
[2021-11-18 18:57:58 $5207.0]	INFO	Server is reloading all workers now
[2021-11-18 18:58:01 $5207.0]	INFO	Server is reloading all workers now
[2021-11-18 18:58:43 $5207.0]	INFO	Server is reloading all workers now
[2021-11-18 18:58:49 $5207.0]	INFO	Server is reloading all workers now
[2021-11-18 18:58:50 $5207.0]	INFO	Server is reloading all workers now
[2021-11-18 18:58:57 $5207.0]	INFO	Server is reloading all workers now
[2021-11-18 18:59:15 $5207.0]	INFO	Server is reloading all workers now
[2021-11-18 18:59:16 $5207.0]	INFO	Server is reloading all workers now
[2021-11-18 18:59:20 $5207.0]	INFO	Server is reloading all workers now
[2021-11-18 18:59:25 $5207.0]	INFO	Server is reloading all workers now
[2021-11-18 18:59:40 $5207.0]	INFO	Server is reloading all workers now
[2021-11-18 19:00:04 $5207.0]	INFO	Server is reloading all workers now
[2021-11-18 19:00:18 $5207.0]	INFO	Server is reloading all workers now
[2021-11-18 19:00:30 $5207.0]	INFO	Server is reloading all workers now
[2021-11-18 19:01:39 $5207.0]	INFO	Server is reloading all workers now
[2021-11-18 19:02:00 $5207.0]	INFO	Server is reloading all workers now
